<?xml version="1.0" encoding="UTF-8"?>
<!-- Generated by org.testng.reporters.JUnitXMLReporter -->
<testsuite ignored="0" hostname="YISC1100384LT" failures="0" tests="4" name="Default test" time="10.928" errors="0" timestamp="2024-05-09T11:10:32 IST">
  <testcase classname="api.Test.UserTests2" name="testPostUser" time="4.832"/>
  <testcase classname="api.Test.UserTests2" name="testGetUserByName" time="1.2"/>
  <testcase classname="api.Test.UserTests2" name="testUpdateUserByName" time="2.323"/>
  <testcase classname="api.Test.UserTests2" name="deleteUserByName" time="1.155"/>
</testsuite> <!-- Default test -->
