<?xml version="1.0" encoding="UTF-8"?>
<!-- Generated by org.testng.reporters.JUnitXMLReporter -->
<testsuite ignored="0" hostname="YISC1100384LT" failures="0" tests="4" name="Default test" time="7.834" errors="0" timestamp="2024-05-09T14:56:53 IST">
  <testcase classname="api.Test.UserTests2" name="testPostUser" time="2.673"/>
  <testcase classname="api.Test.UserTests2" name="testGetUserByName" time="1.163"/>
  <testcase classname="api.Test.UserTests2" name="testUpdateUserByName" time="2.332"/>
  <testcase classname="api.Test.UserTests2" name="deleteUserByName" time="1.14"/>
</testsuite> <!-- Default test -->
