<?xml version="1.0" encoding="UTF-8"?>
<testng-results ignored="0" total="4" passed="4" failed="0" skipped="0">
  <reporter-output>
  </reporter-output>
  <suite started-at="2024-05-09T14:56:45 IST" name="Default suite" finished-at="2024-05-09T14:56:53 IST" duration-ms="7834">
    <groups>
    </groups>
    <test started-at="2024-05-09T14:56:45 IST" name="Default test" finished-at="2024-05-09T14:56:53 IST" duration-ms="7834">
      <class name="api.Test.UserTests2">
        <test-method is-config="true" signature="setupData()[pri:0, instance:api.Test.UserTests2@7e0b85f9]" started-at="2024-05-09T14:56:45 IST" name="setupData" finished-at="2024-05-09T14:56:46 IST" duration-ms="503" status="PASS">
          <reporter-output>
          </reporter-output>
        </test-method> <!-- setupData -->
        <test-method signature="testPostUser()[pri:1, instance:api.Test.UserTests2@7e0b85f9]" started-at="2024-05-09T14:56:46 IST" name="testPostUser" finished-at="2024-05-09T14:56:48 IST" duration-ms="2673" status="PASS">
          <reporter-output>
          </reporter-output>
        </test-method> <!-- testPostUser -->
        <test-method signature="testGetUserByName()[pri:2, instance:api.Test.UserTests2@7e0b85f9]" started-at="2024-05-09T14:56:48 IST" name="testGetUserByName" finished-at="2024-05-09T14:56:50 IST" duration-ms="1163" status="PASS">
          <reporter-output>
          </reporter-output>
        </test-method> <!-- testGetUserByName -->
        <test-method signature="testUpdateUserByName()[pri:3, instance:api.Test.UserTests2@7e0b85f9]" started-at="2024-05-09T14:56:50 IST" name="testUpdateUserByName" finished-at="2024-05-09T14:56:52 IST" duration-ms="2332" status="PASS">
          <reporter-output>
          </reporter-output>
        </test-method> <!-- testUpdateUserByName -->
        <test-method signature="deleteUserByName()[pri:4, instance:api.Test.UserTests2@7e0b85f9]" started-at="2024-05-09T14:56:52 IST" name="deleteUserByName" finished-at="2024-05-09T14:56:53 IST" duration-ms="1140" status="PASS">
          <reporter-output>
          </reporter-output>
        </test-method> <!-- deleteUserByName -->
      </class> <!-- api.Test.UserTests2 -->
    </test> <!-- Default test -->
  </suite> <!-- Default suite -->
</testng-results>
