<?xml version="1.0" encoding="UTF-8"?>
<testsuite xmlns:xsi="http://www.w3.org/2001/XMLSchema-instance" xsi:noNamespaceSchemaLocation="https://maven.apache.org/surefire/maven-surefire-plugin/xsd/surefire-test-report-3.0.xsd" version="3.0" name="TestSuite" time="8.219" tests="4" errors="0" skipped="0" failures="0">
  <properties>
[...]
</properties>
  <testcase name="testPostUser" classname="api.Test.UserTests2" time="2.673">
    <system-out><![CDATA[[TestNGContentHandler] [WARN] It is strongly recommended to add "<!DOCTYPE suite SYSTEM "https://testng.org/testng-1.0.dtd" >" at the top of your file, otherwise TestNG may fail or not work as expected.
2024-05-09T14:56:46,193 [main] INFO  (UserTests2.java:41) - **********Creating User*************
HTTP/1.1 200 OK
Date: Thu, 09 May 2024 09:26:48 GMT
Content-Type: application/json
Transfer-Encoding: chunked
Connection: keep-alive
Access-Control-Allow-Origin: *
Access-Control-Allow-Methods: GET, POST, DELETE, PUT
Access-Control-Allow-Headers: Content-Type, api_key, Authorization
Server: Jetty(9.2.9.v20150224)

{
    "code": 200,
    "type": "unknown",
    "message": "1770642014"
}
]]></system-out>
  </testcase>
  <testcase name="testGetUserByName" classname="api.Test.UserTests2" time="1.162">
    <system-out><![CDATA[2024-05-09T14:56:48,859 [main] INFO  (UserTests2.java:49) - **********Reading User*************
HTTP/1.1 200 OK
Date: Thu, 09 May 2024 09:26:49 GMT
Content-Type: application/json
Transfer-Encoding: chunked
Connection: keep-alive
Access-Control-Allow-Origin: *
Access-Control-Allow-Methods: GET, POST, DELETE, PUT
Access-Control-Allow-Headers: Content-Type, api_key, Authorization
Server: Jetty(9.2.9.v20150224)

{
    "id": 1770642014,
    "username": "alvina.wisozk",
    "firstName": "Renate",
    "lastName": "Von",
    "email": "adell.sawayn@example.com",
    "password": "kfy4ixfe",
    "phone": "412-500-1685",
    "userStatus": 0
}
]]></system-out>
  </testcase>
  <testcase name="testUpdateUserByName" classname="api.Test.UserTests2" time="2.332">
    <system-out><![CDATA[2024-05-09T14:56:50,023 [main] INFO  (UserTests2.java:60) - **********Upadting User*************
{
    "code": 405,
    "type": "unknown",
    "message": "no data"
}
]]></system-out>
  </testcase>
  <testcase name="deleteUserByName" classname="api.Test.UserTests2" time="1.139">
    <system-out><![CDATA[2024-05-09T14:56:52,355 [main] INFO  (UserTests2.java:76) - **********Deleting User*************
]]></system-out>
  </testcase>
</testsuite>