<?xml version="1.0" encoding="UTF-8"?>
<!-- Generated by org.testng.reporters.JUnitXMLReporter -->
<testsuite ignored="0" hostname="YISC1100384LT" failures="0" tests="2" name="Test" time="4.842" errors="0" timestamp="2024-05-01T12:55:13 IST">
  <testcase classname="com.testautomation.apitesting.tests.DataDrivenTestingUsingExcelFile" name="dataDrivenTesting" time="3.123"/>
  <testcase classname="com.testautomation.apitesting.tests.DataDrivenTestingUsingExcelFile" name="dataDrivenTesting" time="1.311"/>
</testsuite> <!-- Test -->
